0 info it worked if it ends with ok
1 verbose cli [ 'node', '/usr/local/bin/npm', 'install', '-g', 'karma-growl' ]
2 info using npm@1.1.62
3 info using node@v0.8.11
4 verbose read json /usr/local/lib/package.json
5 verbose read json /usr/local/lib/package.json
6 verbose cache add [ 'karma-growl', null ]
7 silly cache add name=undefined spec="karma-growl" args=["karma-growl",null]
8 verbose parsed url { pathname: 'karma-growl',
8 verbose parsed url   path: 'karma-growl',
8 verbose parsed url   href: 'karma-growl' }
9 silly lockFile 7cf46483-karma-growl karma-growl
10 verbose lock karma-growl /Users/vahur/.npm/7cf46483-karma-growl.lock
11 silly lockFile 7cf46483-karma-growl karma-growl
12 verbose addNamed [ 'karma-growl', '' ]
13 verbose addNamed [ null, '' ]
14 silly lockFile 97e2714a-karma-growl karma-growl@
15 verbose lock karma-growl@ /Users/vahur/.npm/97e2714a-karma-growl.lock
16 silly addNameRange { name: 'karma-growl', range: '', hasData: false }
17 verbose url raw karma-growl
18 verbose url resolving [ 'https://registry.npmjs.org/', './karma-growl' ]
19 verbose url resolved https://registry.npmjs.org/karma-growl
20 info trying registry request attempt 1 at 17:18:40
21 http GET https://registry.npmjs.org/karma-growl
22 http 404 https://registry.npmjs.org/karma-growl
23 silly registry.get cb [ 404,
23 silly registry.get   { server: 'CouchDB/1.3.1 (Erlang OTP/R15B03)',
23 silly registry.get     date: 'Thu, 14 Nov 2013 15:18:40 GMT',
23 silly registry.get     'content-type': 'application/json',
23 silly registry.get     'content-length': '52',
23 silly registry.get     'cache-control': 'must-revalidate' } ]
24 silly lockFile 97e2714a-karma-growl karma-growl@
25 error 404 'karma-growl' is not in the npm registry.
25 error 404 You should bug the author to publish it
25 error 404
25 error 404 Note that you can also install from a
25 error 404 tarball, folder, or http url, or git url.
26 error System Darwin 13.0.0
27 error command "node" "/usr/local/bin/npm" "install" "-g" "karma-growl"
28 error cwd /Users/vahur/Desktop/Projects/ClosureTest
29 error node -v v0.8.11
30 error npm -v 1.1.62
31 error code E404
32 verbose exit [ 1, true ]
